18:57:06.175 [main                     ] DEBUG Logger               - Configured Logger
18:57:06.206 [main                     ] DEBUG GameApplication      - Logging settings
Title: Galactic Odyssey
Version: 0.0.1
Width: 1080
Height: 1080
Fullscreen: true
Intro: false
Profiling: false
Single step:false
App Mode: DEVELOPER
Menu Key: ESCAPE
Stage Style: DECORATED
Scene Factory: class App.App$1

18:57:06.436 [JavaFX Application Thread] DEBUG FXGLApplication      - Initializing FXGL
18:57:06.443 [JavaFX Application Thread] INFO  Engine               - FXGL-17.3 (30.03.2023 11.49) on WINDOWS (J:17.0.12 FX:17.0.2-ea)
18:57:06.444 [JavaFX Application Thread] DEBUG Engine               - JRE Vendor Name: Oracle Corporation
18:57:06.444 [JavaFX Application Thread] DEBUG Engine               - Running on OS: Windows 11 version 10.0
18:57:06.444 [JavaFX Application Thread] DEBUG Engine               - Architecture: amd64
18:57:06.444 [JavaFX Application Thread] INFO  Engine               - Source code and latest versions at: https://github.com/AlmasB/FXGL
18:57:06.444 [JavaFX Application Thread] INFO  Engine               -       Ask questions and discuss at: https://github.com/AlmasB/FXGL/discussions
18:57:06.444 [JavaFX Application Thread] INFO  Engine               -              Join the FXGL chat at: https://gitter.im/AlmasB/FXGL
18:57:06.504 [JavaFX Application Thread] DEBUG PrimaryStageWindow   - Creating a JavaFX scene
18:57:06.504 [JavaFX Application Thread] DEBUG PrimaryStageWindow   - Target size > screen size
18:57:06.530 [JavaFX Application Thread] DEBUG PrimaryStageWindow   - Target settings size: 1080.0 x 1080.0
18:57:06.531 [JavaFX Application Thread] DEBUG PrimaryStageWindow   - Scaled scene size:    743.0 x 768.0
18:57:06.531 [JavaFX Application Thread] DEBUG PrimaryStageWindow   - Scaled ratio: (0.687962962962963, 0.7111111111111111)
18:57:06.531 [JavaFX Application Thread] DEBUG PrimaryStageWindow   - Set initial scene to FXGLStartupScene
18:57:06.536 [JavaFX Application Thread] DEBUG PrimaryStageWindow   - Opening main window
18:57:06.605 [JavaFX Application Thread] DEBUG PrimaryStageWindow   - Window border size: (16.0, 39.0)
18:57:06.605 [JavaFX Application Thread] DEBUG PrimaryStageWindow   - Scaled size: 743.0 x 768.0
18:57:06.606 [JavaFX Application Thread] DEBUG PrimaryStageWindow   - Scaled ratio: (0.687962962962963, 0.7111111111111111)
18:57:06.606 [JavaFX Application Thread] DEBUG PrimaryStageWindow   - Scene size: 743.0 x 768.0
18:57:06.607 [JavaFX Application Thread] DEBUG PrimaryStageWindow   - Stage size: 759.0 x 807.0
18:57:06.653 [JavaFX Application Thread] DEBUG PrimaryStageWindow   - Going fullscreen
18:57:06.660 [FXGL Background Thread 1 ] DEBUG Engine               - Initializing environment variables
18:57:06.710 [FXGL Background Thread 1 ] DEBUG FXGLAssetLoaderServi - User app class for loading assets: class App.App
18:57:06.711 [FXGL Background Thread 1 ] DEBUG GameApplicationServi - Applying CSS: fxgl_dark.css
18:57:06.712 [FXGL Background Thread 1 ] DEBUG FXGLAssetLoaderServi - Loading from file system: jar:file:///C:/Users/Johan/.m2/repository/com/github/AlmasB/fxgl/17.3/fxgl-17.3.jar!/fxglassets/ui/css/fxgl_dark.css
18:57:06.756 [FXGL Background Thread 1 ] DEBUG GameApplicationServi - Initializing application scenes
18:57:06.796 [FXGL Background Thread 1 ] DEBUG GameWorld            - Game world initialized
18:57:06.849 [FXGL Background Thread 1 ] DEBUG PhysicsWorld         - Physics world initialized: appHeight=1080, physics.ppm=50.0
18:57:06.849 [FXGL Background Thread 1 ] DEBUG PhysicsWorld         - Using strategy: BRUTE_FORCE
18:57:06.854 [FXGL Background Thread 1 ] DEBUG GameScene            - Game scene initialized: 1080x1080
18:57:06.865 [FXGL Background Thread 1 ] DEBUG FXGL.DefaultMenu     - createMenuBodyGameMenu()
18:57:06.879 [FXGL Background Thread 1 ] DEBUG FXGL.DefaultMenu     - createOptionsMenu()
18:57:06.893 [FXGL Background Thread 1 ] DEBUG FXGLAssetLoaderServi - Loading from file system: jar:file:///C:/Users/Johan/.m2/repository/com/github/AlmasB/fxgl/17.3/fxgl-17.3.jar!/fxglassets/textures/particles/smoke.png
18:57:06.975 [FXGL Background Thread 1 ] DEBUG FXGLAssetLoaderServi - Loading from file system: jar:file:///C:/Users/Johan/.m2/repository/com/github/AlmasB/fxgl/17.3/fxgl-17.3.jar!/fxglassets/textures/particles/trace_horizontal.png
18:57:06.996 [FXGL Background Thread 1 ] DEBUG GameApplicationServi - Application scenes initialized
18:57:07.005 [FXGL Background Thread 1 ] DEBUG SystemBundleService  - Loading FXGL system data
18:57:07.008 [FXGL Background Thread 1 ] DEBUG FileSystemAccess     - Reading from: C:\UNI\juego\Galactic odyssey (2)\Galactic odyssey\system\fxgl.bundle
18:57:07.012 [FXGL Background Thread 1 ] DEBUG SystemBundleService  - Bundle FXGL: {}
18:57:07.012 [FXGL Background Thread 1 ] DEBUG UpdaterService       - Checking for updates
18:57:07.015 [FXGL Background Thread 4 ] DEBUG FXGLApplication      - Loading fonts
18:57:07.015 [FXGL Background Thread 4 ] DEBUG FXGLAssetLoaderServi - Loading from file system: jar:file:///C:/Users/Johan/.m2/repository/com/github/AlmasB/fxgl/17.3/fxgl-17.3.jar!/fxglassets/ui/fonts/VarelaRound-Regular.ttf
18:57:07.015 [FXGL Background Thread 1 ] DEBUG FXGLApplication      - Loading default localization
18:57:07.016 [FXGL Background Thread 1 ] DEBUG FXGLAssetLoaderServi - Loading from file system: jar:file:///C:/Users/Johan/.m2/repository/com/github/AlmasB/fxgl/17.3/fxgl-17.3.jar!/fxglassets/languages/english.lang
18:57:07.033 [FXGL Background Thread 1 ] INFO  FXGLApplication      - FXGL initialization took: 0.372 sec
18:57:07.034 [JavaFX Application Thread] DEBUG FXGLAssetLoaderServi - Loading from file system: jar:file:///C:/Users/Johan/.m2/repository/com/github/AlmasB/fxgl/17.3/fxgl-17.3.jar!/fxglassets/textures/fxgl_icon.png
18:57:07.046 [JavaFX Application Thread] DEBUG FXGLAssetLoaderServi - Loading from file system: jar:file:///C:/Users/Johan/.m2/repository/com/github/AlmasB/fxgl/17.3/fxgl-17.3.jar!/fxglassets/textures/fxgl_default_cursor.png
18:57:07.055 [JavaFX Application Thread] DEBUG Input                - Registered new binding: Screenshot - CTRL+8
18:57:07.056 [JavaFX Application Thread] DEBUG Input                - Registered new binding: System info dump - CTRL+9
18:57:07.056 [JavaFX Application Thread] DEBUG Input                - Registered new binding: Restart - CTRL+R
18:57:07.057 [JavaFX Application Thread] DEBUG Input                - Registered new binding: Toggle Debug Camera - CTRL+7
18:57:07.060 [JavaFX Application Thread] DEBUG LoopRunner           - Starting loop
18:57:07.061 [JavaFX Application Thread] DEBUG LoopRunner           - Initializing JavaFX AnimationTimerLoop
18:57:07.063 [FXGL Background Thread 4 ] DEBUG FXGLAssetLoaderServi - Loading from file system: jar:file:///C:/Users/Johan/.m2/repository/com/github/AlmasB/fxgl/17.3/fxgl-17.3.jar!/fxglassets/ui/fonts/Abel-Regular.ttf
18:57:07.063 [JavaFX Application Thread] DEBUG GameApplicationServi - Starting new game
18:57:07.064 [JavaFX Application Thread] DEBUG Input                - Clearing active input actions
18:57:07.065 [FXGL Background Thread 4 ] DEBUG FXGLAssetLoaderServi - Loading from file system: jar:file:///C:/Users/Johan/.m2/repository/com/github/AlmasB/fxgl/17.3/fxgl-17.3.jar!/fxglassets/ui/fonts/TerminalLandMono-Regular.otf
18:57:07.066 [FXGL Background Thread 4 ] DEBUG FXGLAssetLoaderServi - Loading from file system: jar:file:///C:/Users/Johan/.m2/repository/com/github/AlmasB/fxgl/17.3/fxgl-17.3.jar!/fxglassets/ui/fonts/Courier-Prime.ttf
18:57:07.077 [JavaFX Application Thread] DEBUG GameApplicationServi - Removing overlay from FXGLStartupScene and adding to MyLoadingScene
18:57:07.078 [JavaFX Application Thread] DEBUG PrimaryStageWindow   - FXGLStartupScene -> MyLoadingScene
18:57:07.078 [JavaFX Application Thread] DEBUG GameApplicationServi - Clearing previous game
18:57:07.078 [JavaFX Application Thread] DEBUG GameScene            - Clearing game scene
18:57:07.078 [JavaFX Application Thread] DEBUG GameWorld            - Clearing game world
18:57:07.078 [JavaFX Application Thread] DEBUG PhysicsWorld         - Clearing physics world
18:57:07.079 [FXGL Background Thread 4 ] DEBUG FXGLApplication      - Initializing game
18:57:07.087 [FXGL Background Thread 4 ] DEBUG Input                - Registered new binding: Mostrar Puzzle - P
18:57:07.090 [FXGL Background Thread 4 ] DEBUG FXGLAssetLoaderServi - Loading from file system: file:/C:/UNI/juego/Galactic%20odyssey%20(2)/Galactic%20odyssey/target/classes/assets/textures/fondo_menu.png
18:57:07.105 [FXGL Background Thread 4 ] DEBUG FXGLAssetLoaderServi - Loading from file system: file:/C:/UNI/juego/Galactic%20odyssey%20(2)/Galactic%20odyssey/target/classes/assets/music/intro.mp3
18:57:07.115 [JavaFX Application Thread] DEBUG FXGLApplication      - Registering font factories with UI factory
18:57:07.225 [FXGL Background Thread 4 ] DEBUG AudioPlayer          - Playing music com.almasb.fxgl.audio.Music@7b6c8b7e
18:57:07.232 [FXGL Background Thread 4 ] INFO  FXGLApplication      - Game initialization took: 0.153 sec
18:57:07.232 [JavaFX Application Thread] DEBUG Input                - Clearing active input actions
18:57:07.237 [JavaFX Application Thread] DEBUG GameApplicationServi - Removing overlay from MyLoadingScene and adding to GameScene
18:57:07.237 [JavaFX Application Thread] DEBUG PrimaryStageWindow   - MyLoadingScene -> GameScene
18:57:08.278 [FXGL Background Thread 2 ] INFO  UpdaterService       - Your current version:  17.3
18:57:08.278 [FXGL Background Thread 2 ] INFO  UpdaterService       - Latest stable version: 21.1
18:57:10.015 [FXGL Background Thread 3 ] DEBUG Engine               - Logging environment variables
18:57:10.016 [FXGL Background Thread 3 ] DEBUG Engine               - achievements: []
18:57:10.017 [FXGL Background Thread 3 ] DEBUG Engine               - actualHeight: 768.0
18:57:10.017 [FXGL Background Thread 3 ] DEBUG Engine               - actualHeightProperty: ReadOnlyDoubleProperty [value: 768.0]
18:57:10.017 [FXGL Background Thread 3 ] DEBUG Engine               - actualWidth: 1366.0
18:57:10.017 [FXGL Background Thread 3 ] DEBUG Engine               - actualWidthProperty: ReadOnlyDoubleProperty [value: 1366.0]
18:57:10.018 [FXGL Background Thread 3 ] DEBUG Engine               - appIcon: fxgl_icon.png
18:57:10.018 [FXGL Background Thread 3 ] DEBUG Engine               - applicationMode: DEVELOPER
18:57:10.019 [FXGL Background Thread 3 ] DEBUG Engine               - cSSList: [fxgl_dark.css]
18:57:10.019 [FXGL Background Thread 3 ] DEBUG Engine               - collisionDetectionStrategy: BRUTE_FORCE
18:57:10.019 [FXGL Background Thread 3 ] DEBUG Engine               - configClass: Optional.empty
18:57:10.019 [FXGL Background Thread 3 ] DEBUG Engine               - credits: []
18:57:10.020 [FXGL Background Thread 3 ] DEBUG Engine               - defaultCursor: CursorInfo(imageName=fxgl_default_cursor.png, hotspotX=7.0, hotspotY=6.0)
18:57:10.020 [FXGL Background Thread 3 ] DEBUG Engine               - devBBoxColorProperty: ObjectProperty [value: 0xff0000ff]
18:57:10.020 [FXGL Background Thread 3 ] DEBUG Engine               - devEnableDebugCameraProperty: BooleanProperty [value: false]
18:57:10.020 [FXGL Background Thread 3 ] DEBUG Engine               - devSensorColorProperty: ObjectProperty [value: 0xffff00ff]
18:57:10.021 [FXGL Background Thread 3 ] DEBUG Engine               - devShowBBoxProperty: BooleanProperty [value: false]
18:57:10.021 [FXGL Background Thread 3 ] DEBUG Engine               - devShowPositionProperty: BooleanProperty [value: false]
18:57:10.021 [FXGL Background Thread 3 ] DEBUG Engine               - enabledMenuItems: []
18:57:10.021 [FXGL Background Thread 3 ] DEBUG Engine               - engineServices: [class com.almasb.fxgl.app.services.FXGLAssetLoaderService, class com.almasb.fxgl.app.FXGLApplication$GameApplicationService, class com.almasb.fxgl.app.services.FXGLDialogService, class com.almasb.fxgl.app.services.IOTaskExecutorService, class com.almasb.fxgl.io.FileSystemService, class com.almasb.fxgl.localization.LocalizationService, class com.almasb.fxgl.app.services.SystemBundleService, class com.almasb.fxgl.profile.SaveLoadService, class com.almasb.fxgl.ui.FXGLUIFactoryServiceProvider, class com.almasb.fxgl.ui.FXGLDialogFactoryServiceProvider, class com.almasb.fxgl.audio.AudioPlayer, class com.almasb.fxgl.notification.impl.NotificationServiceProvider, class com.almasb.fxgl.achievement.AchievementService, class com.almasb.fxgl.cutscene.CutsceneService, class com.almasb.fxgl.minigames.MiniGameService, class com.almasb.fxgl.net.NetService, class com.almasb.fxgl.app.services.UpdaterService, class com.almasb.fxgl.dev.DevService]
18:57:10.021 [FXGL Background Thread 3 ] DEBUG Engine               - fontGame: Abel-Regular.ttf
18:57:10.021 [FXGL Background Thread 3 ] DEBUG Engine               - fontMono: TerminalLandMono-Regular.otf
18:57:10.021 [FXGL Background Thread 3 ] DEBUG Engine               - fontSizeScaleUI: 1.0
18:57:10.022 [FXGL Background Thread 3 ] DEBUG Engine               - fontText: Courier-Prime.ttf
18:57:10.022 [FXGL Background Thread 3 ] DEBUG Engine               - fontUI: VarelaRound-Regular.ttf
18:57:10.022 [FXGL Background Thread 3 ] DEBUG Engine               - fullScreen: BooleanProperty [value: true]
18:57:10.022 [FXGL Background Thread 3 ] DEBUG Engine               - gameDifficulty: MEDIUM
18:57:10.022 [FXGL Background Thread 3 ] DEBUG Engine               - gameDifficultyProperty: ObjectProperty [value: MEDIUM]
18:57:10.022 [FXGL Background Thread 3 ] DEBUG Engine               - globalMusicVolume: 0.5
18:57:10.022 [FXGL Background Thread 3 ] DEBUG Engine               - globalMusicVolumeProperty: DoubleProperty [value: 0.5]
18:57:10.022 [FXGL Background Thread 3 ] DEBUG Engine               - globalSoundVolume: 0.5
18:57:10.023 [FXGL Background Thread 3 ] DEBUG Engine               - globalSoundVolumeProperty: DoubleProperty [value: 0.5]
18:57:10.023 [FXGL Background Thread 3 ] DEBUG Engine               - height: 1080
18:57:10.023 [FXGL Background Thread 3 ] DEBUG Engine               - is3D: false
18:57:10.023 [FXGL Background Thread 3 ] DEBUG Engine               - isAndroid: false
18:57:10.023 [FXGL Background Thread 3 ] DEBUG Engine               - isBrowser: false
18:57:10.023 [FXGL Background Thread 3 ] DEBUG Engine               - isClickFeedbackEnabled: false
18:57:10.023 [FXGL Background Thread 3 ] DEBUG Engine               - isCloseConfirmation: false
18:57:10.023 [FXGL Background Thread 3 ] DEBUG Engine               - isDesktop: true
18:57:10.023 [FXGL Background Thread 3 ] DEBUG Engine               - isDeveloperMenuEnabled: false
18:57:10.023 [FXGL Background Thread 3 ] DEBUG Engine               - isEmbedded: false
18:57:10.023 [FXGL Background Thread 3 ] DEBUG Engine               - isEntityPreloadEnabled: true
18:57:10.024 [FXGL Background Thread 3 ] DEBUG Engine               - isExperimentalTiledLargeMap: false
18:57:10.024 [FXGL Background Thread 3 ] DEBUG Engine               - isFileSystemWriteAllowed: true
18:57:10.024 [FXGL Background Thread 3 ] DEBUG Engine               - isFullScreenAllowed: true
18:57:10.024 [FXGL Background Thread 3 ] DEBUG Engine               - isFullScreenFromStart: true
18:57:10.024 [FXGL Background Thread 3 ] DEBUG Engine               - isGameMenuEnabled: true
18:57:10.024 [FXGL Background Thread 3 ] DEBUG Engine               - isIOS: false
18:57:10.024 [FXGL Background Thread 3 ] DEBUG Engine               - isIntroEnabled: false
18:57:10.025 [FXGL Background Thread 3 ] DEBUG Engine               - isLinux: false
18:57:10.025 [FXGL Background Thread 3 ] DEBUG Engine               - isMac: false
18:57:10.025 [FXGL Background Thread 3 ] DEBUG Engine               - isMainMenuEnabled: false
18:57:10.025 [FXGL Background Thread 3 ] DEBUG Engine               - isManualResizeEnabled: false
18:57:10.026 [FXGL Background Thread 3 ] DEBUG Engine               - isMobile: false
18:57:10.026 [FXGL Background Thread 3 ] DEBUG Engine               - isNative: false
18:57:10.026 [FXGL Background Thread 3 ] DEBUG Engine               - isPauseMusicWhenMinimized: true
18:57:10.026 [FXGL Background Thread 3 ] DEBUG Engine               - isPreserveResizeRatio: false
18:57:10.026 [FXGL Background Thread 3 ] DEBUG Engine               - isProfilingEnabled: false
18:57:10.026 [FXGL Background Thread 3 ] DEBUG Engine               - isScaleAffectedOnResize: true
18:57:10.026 [FXGL Background Thread 3 ] DEBUG Engine               - isSingleStep: false
18:57:10.026 [FXGL Background Thread 3 ] DEBUG Engine               - isUserProfileEnabled: false
18:57:10.027 [FXGL Background Thread 3 ] DEBUG Engine               - isWindows: true
18:57:10.027 [FXGL Background Thread 3 ] DEBUG Engine               - language: ObjectProperty [value: ENGLISH]
18:57:10.027 [FXGL Background Thread 3 ] DEBUG Engine               - menuKey: ESCAPE
18:57:10.027 [FXGL Background Thread 3 ] DEBUG Engine               - mouseSensitivity: 0.2
18:57:10.027 [FXGL Background Thread 3 ] DEBUG Engine               - notificationViewClass: class com.almasb.fxgl.notification.view.XboxNotificationView
18:57:10.027 [FXGL Background Thread 3 ] DEBUG Engine               - pixelsPerMeter: 50.0
18:57:10.027 [FXGL Background Thread 3 ] DEBUG Engine               - platform: WINDOWS
18:57:10.027 [FXGL Background Thread 3 ] DEBUG Engine               - prefHeightProperty: ReadOnlyDoubleProperty [value: 1080.0]
18:57:10.027 [FXGL Background Thread 3 ] DEBUG Engine               - prefWidthProperty: ReadOnlyDoubleProperty [value: 1080.0]
18:57:10.027 [FXGL Background Thread 3 ] DEBUG Engine               - profileDir: profiles/
18:57:10.027 [FXGL Background Thread 3 ] DEBUG Engine               - profileName: StringProperty [value: DEFAULT]
18:57:10.027 [FXGL Background Thread 3 ] DEBUG Engine               - randomSeed: -1
18:57:10.028 [FXGL Background Thread 3 ] DEBUG Engine               - runtimeInfo: RuntimeInfo(platform=WINDOWS, version=17.3, build=30.03.2023 11.49)
18:57:10.028 [FXGL Background Thread 3 ] DEBUG Engine               - saveFileExt: sav
18:57:10.028 [FXGL Background Thread 3 ] DEBUG Engine               - scaledHeightProp$fxgl: DoubleProperty [bound, value: 768.0]
18:57:10.028 [FXGL Background Thread 3 ] DEBUG Engine               - scaledWidthProp$fxgl: DoubleProperty [bound, value: 1366.0]
18:57:10.028 [FXGL Background Thread 3 ] DEBUG Engine               - sceneFactory: App.App$1@32063abb
18:57:10.028 [FXGL Background Thread 3 ] DEBUG Engine               - secondsIn24h: 60
18:57:10.028 [FXGL Background Thread 3 ] DEBUG Engine               - soundMenuBack: menu/back.wav
18:57:10.029 [FXGL Background Thread 3 ] DEBUG Engine               - soundMenuPress: menu/press.wav
18:57:10.029 [FXGL Background Thread 3 ] DEBUG Engine               - soundMenuSelect: menu/select.wav
18:57:10.029 [FXGL Background Thread 3 ] DEBUG Engine               - soundNotification: core/notification.wav
18:57:10.030 [FXGL Background Thread 3 ] DEBUG Engine               - stageStyle: DECORATED
18:57:10.031 [FXGL Background Thread 3 ] DEBUG Engine               - supportedLanguages: [ENGLISH, FRENCH, GERMAN, HUNGARIAN, RUSSIAN]
18:57:10.032 [FXGL Background Thread 3 ] DEBUG Engine               - ticksPerSecond: -1
18:57:10.032 [FXGL Background Thread 3 ] DEBUG Engine               - title: Galactic Odyssey
18:57:10.032 [FXGL Background Thread 3 ] DEBUG Engine               - urlGithub: https://github.com/AlmasB/FXGL
18:57:10.032 [FXGL Background Thread 3 ] DEBUG Engine               - urlLeaderboard: http://fxgl-top.herokuapp.com/
18:57:10.032 [FXGL Background Thread 3 ] DEBUG Engine               - urlPOM: https://raw.githubusercontent.com/AlmasB/FXGL/release/README.md
18:57:10.032 [FXGL Background Thread 3 ] DEBUG Engine               - userAppClass: class App.App
18:57:10.033 [FXGL Background Thread 3 ] DEBUG Engine               - version: 0.0.1
18:57:10.033 [FXGL Background Thread 3 ] DEBUG Engine               - versionCheckDays: 7
18:57:10.033 [FXGL Background Thread 3 ] DEBUG Engine               - width: 1080
18:57:10.033 [FXGL Background Thread 3 ] DEBUG Engine               - Logging services
18:57:10.033 [FXGL Background Thread 3 ] DEBUG Engine               - class com.almasb.fxgl.app.services.FXGLAssetLoaderService
18:57:10.033 [FXGL Background Thread 3 ] DEBUG Engine               - class com.almasb.fxgl.app.FXGLApplication$GameApplicationService
18:57:10.034 [FXGL Background Thread 3 ] DEBUG Engine               - class com.almasb.fxgl.app.services.FXGLDialogService
18:57:10.034 [FXGL Background Thread 3 ] DEBUG Engine               - class com.almasb.fxgl.app.services.IOTaskExecutorService
18:57:10.034 [FXGL Background Thread 3 ] DEBUG Engine               - class com.almasb.fxgl.io.FileSystemService
18:57:10.034 [FXGL Background Thread 3 ] DEBUG Engine               - class com.almasb.fxgl.localization.LocalizationService
18:57:10.034 [FXGL Background Thread 3 ] DEBUG Engine               - class com.almasb.fxgl.app.services.SystemBundleService
18:57:10.037 [FXGL Background Thread 3 ] DEBUG Engine               - class com.almasb.fxgl.profile.SaveLoadService
18:57:10.037 [FXGL Background Thread 3 ] DEBUG Engine               - class com.almasb.fxgl.ui.FXGLUIFactoryServiceProvider
18:57:10.037 [FXGL Background Thread 3 ] DEBUG Engine               - class com.almasb.fxgl.ui.FXGLDialogFactoryServiceProvider
18:57:10.037 [FXGL Background Thread 3 ] DEBUG Engine               - class com.almasb.fxgl.audio.AudioPlayer
18:57:10.037 [FXGL Background Thread 3 ] DEBUG Engine               - class com.almasb.fxgl.notification.impl.NotificationServiceProvider
18:57:10.037 [FXGL Background Thread 3 ] DEBUG Engine               - class com.almasb.fxgl.achievement.AchievementService
18:57:10.037 [FXGL Background Thread 3 ] DEBUG Engine               - class com.almasb.fxgl.cutscene.CutsceneService
18:57:10.037 [FXGL Background Thread 3 ] DEBUG Engine               - class com.almasb.fxgl.minigames.MiniGameService
18:57:10.037 [FXGL Background Thread 3 ] DEBUG Engine               - class com.almasb.fxgl.net.NetService
18:57:10.037 [FXGL Background Thread 3 ] DEBUG Engine               - class com.almasb.fxgl.app.services.UpdaterService
18:57:10.037 [FXGL Background Thread 3 ] DEBUG Engine               - class com.almasb.fxgl.dev.DevService
18:57:17.391 [JavaFX Application Thread] WARN  FXGLAssetLoaderServi - Asset "/assets/textures/fondo_level3.png" was not found!
18:57:17.392 [JavaFX Application Thread] WARN  FXGLAssetLoaderServi - Failed to load IMAGE
18:57:18.677 [JavaFX Application Thread] DEBUG AudioPlayer          - Playing music com.almasb.fxgl.audio.Music@7b6c8b7e
18:57:20.704 [JavaFX Application Thread] DEBUG FXGLApplication      - Exiting FXGL
18:57:20.704 [JavaFX Application Thread] DEBUG LoopRunner           - Stopping loop
18:57:20.705 [JavaFX Application Thread] DEBUG SystemBundleService  - Saving FXGL system data
18:57:20.706 [JavaFX Application Thread] DEBUG FileSystemAccess     - Writing to: C:\UNI\juego\Galactic odyssey (2)\Galactic odyssey\system\fxgl.bundle
18:57:20.706 [JavaFX Application Thread] DEBUG Async                - Shutting down background threads
18:57:20.706 [JavaFX Application Thread] DEBUG PrimaryStageWindow   - Closing main window
18:57:20.734 [JavaFX Application Thread] DEBUG Logger               - Closing Logger
